<?xml version="1.0" encoding="UTF-8"?>
<!-- Generated by org.testng.reporters.JUnitReportReporter -->
<testsuite hostname="DESKTOP-RCHGCD2" failures="0" tests="1" name="bankTestCases.HomePage5TestCases" time="6.021" errors="0" timestamp="2023-02-28T04:46:28 EST" skipped="0">
  <testcase classname="bankTestCases.HomePage5TestCases" name="homepage" time="6.021"/>
  <system-out/>
</testsuite> <!-- bankTestCases.HomePage5TestCases -->
