<?xml version="1.0" encoding="UTF-8"?>
<!-- Generated by org.testng.reporters.JUnitReportReporter -->
<testsuite hostname="DESKTOP-RCHGCD2" failures="0" tests="1" name="bankTestCases.AuthorizationCodeEntryTestCase" time="8.880" errors="0" timestamp="2023-02-28T05:38:55 EST" skipped="0">
  <testcase classname="bankTestCases.AuthorizationCodeEntryTestCase" name="validatesecutityQuesRadioBtn" time="8.880"/>
  <system-out/>
</testsuite> <!-- bankTestCases.AuthorizationCodeEntryTestCase -->
