<?xml version="1.0" encoding="UTF-8"?>
<!-- Generated by org.testng.reporters.JUnitReportReporter -->
<testsuite hostname="DESKTOP-RCHGCD2" failures="0" tests="2" name="bankTestCases.RequestAuthorizationCodeTest" time="6.705" errors="0" timestamp="2023-02-17T06:13:53 EST" skipped="0">
  <testcase classname="bankTestCases.RequestAuthorizationCodeTest" name="validateQuickHelp" time="2.764"/>
  <system-out/>
  <testcase classname="bankTestCases.RequestAuthorizationCodeTest" name="validatePhoneRadio" time="3.941"/>
  <system-out/>
</testsuite> <!-- bankTestCases.RequestAuthorizationCodeTest -->
