<?xml version="1.0" encoding="UTF-8"?>
<!-- Generated by org.testng.reporters.JUnitReportReporter -->
<testsuite hostname="DESKTOP-RCHGCD2" failures="0" tests="1" name="bankTestCases.AuthorizationCodeEntryTestCase" time="9.080" errors="0" timestamp="2023-02-28T06:19:04 EST" skipped="0">
  <testcase classname="bankTestCases.AuthorizationCodeEntryTestCase" name="validatesecutityQuesRadioBtn" time="9.080"/>
  <system-out/>
</testsuite> <!-- bankTestCases.AuthorizationCodeEntryTestCase -->
