<?xml version="1.0" encoding="UTF-8"?>
<!-- Generated by org.testng.reporters.JUnitReportReporter -->
<testsuite hostname="DESKTOP-RCHGCD2" failures="0" tests="1" name="bankTestCases.OLBSimulatorTestCase" time="7.626" errors="0" timestamp="2023-03-01T04:17:30 EST" skipped="0">
  <testcase classname="bankTestCases.OLBSimulatorTestCase" name="test1" time="7.626"/>
  <system-out/>
</testsuite> <!-- bankTestCases.OLBSimulatorTestCase -->
