<?xml version="1.0" encoding="UTF-8"?>
<!-- Generated by org.testng.reporters.JUnitReportReporter -->
<testsuite hostname="DESKTOP-RCHGCD2" failures="0" tests="1" name="bankTestCases.AuthorizationCodeEntryTestCase" time="8.496" errors="0" timestamp="2023-03-01T03:32:43 EST" skipped="0">
  <testcase classname="bankTestCases.AuthorizationCodeEntryTestCase" name="validatesecutityQuesRadioBtn" time="8.496"/>
  <system-out/>
</testsuite> <!-- bankTestCases.AuthorizationCodeEntryTestCase -->
