<?xml version="1.0" encoding="UTF-8"?>
<!-- Generated by org.testng.reporters.JUnitReportReporter -->
<testsuite hostname="DESKTOP-RCHGCD2" failures="0" tests="1" name="bankTestCases.OLBSimulatorTestCase" time="6.149" errors="0" timestamp="2023-02-28T04:50:24 EST" skipped="0">
  <testcase classname="bankTestCases.OLBSimulatorTestCase" name="test1" time="6.149"/>
  <system-out/>
</testsuite> <!-- bankTestCases.OLBSimulatorTestCase -->
